Using pre-set license
Built from '2021.3/staging' branch; Version is '2021.3.16f1 (4016570cf34f) revision 4200023'; Using compiler version '192829333'; Build Type 'Release'
OS: 'Windows 11  (10.0.22621) 64bit Professional' Language: 'ru' Physical Memory: 32616 MB
BatchMode: 1, IsHumanControllingUs: 0, StartBugReporterOnCrash: 0, Is64bit: 1, IsPro: 1

COMMAND LINE ARGUMENTS:
D:\Unity\Unity Editor\2021.3.16f1\Editor\Unity.exe
-adb2
-batchMode
-noUpm
-name
AssetImportWorker1
-projectPath
C:/Users/Spiri/Desktop/cliker/clicker
-logFile
Logs/AssetImportWorker1.log
-srvPort
53414
Successfully changed project path to: C:/Users/Spiri/Desktop/cliker/clicker
C:/Users/Spiri/Desktop/cliker/clicker
[UnityMemory] Configuration Parameters - Can be set up in boot.config
    "memorysetup-bucket-allocator-granularity=16"
    "memorysetup-bucket-allocator-bucket-count=8"
    "memorysetup-bucket-allocator-block-size=33554432"
    "memorysetup-bucket-allocator-block-count=8"
    "memorysetup-main-allocator-block-size=16777216"
    "memorysetup-thread-allocator-block-size=16777216"
    "memorysetup-gfx-main-allocator-block-size=16777216"
    "memorysetup-gfx-thread-allocator-block-size=16777216"
    "memorysetup-cache-allocator-block-size=4194304"
    "memorysetup-typetree-allocator-block-size=2097152"
    "memorysetup-profiler-bucket-allocator-granularity=16"
    "memorysetup-profiler-bucket-allocator-bucket-count=8"
    "memorysetup-profiler-bucket-allocator-block-size=33554432"
    "memorysetup-profiler-bucket-allocator-block-count=8"
    "memorysetup-profiler-allocator-block-size=16777216"
    "memorysetup-profiler-editor-allocator-block-size=1048576"
    "memorysetup-temp-allocator-size-main=16777216"
    "memorysetup-job-temp-allocator-block-size=2097152"
    "memorysetup-job-temp-allocator-block-size-background=1048576"
    "memorysetup-job-temp-allocator-reduction-small-platforms=262144"
    "memorysetup-temp-allocator-size-background-worker=32768"
    "memorysetup-temp-allocator-size-job-worker=262144"
    "memorysetup-temp-allocator-size-preload-manager=33554432"
    "memorysetup-temp-allocator-size-nav-mesh-worker=65536"
    "memorysetup-temp-allocator-size-audio-worker=65536"
    "memorysetup-temp-allocator-size-cloud-worker=32768"
    "memorysetup-temp-allocator-size-gi-baking-worker=262144"
    "memorysetup-temp-allocator-size-gfx=262144"
Player connection [2824] Host "[IP] 192.168.1.8 [Port] 0 [Flags] 2 [Guid] 1870542758 [EditorId] 1870542758 [Version] 1048832 [Id] WindowsEditor(7,DESKTOP-DM0N8CV) [Debug] 1 [PackageName] WindowsEditor [ProjectName] Editor" joined multi-casting on [225.0.0.222:54997]...

Player connection [2824] Host "[IP] 192.168.1.8 [Port] 0 [Flags] 2 [Guid] 1870542758 [EditorId] 1870542758 [Version] 1048832 [Id] WindowsEditor(7,DESKTOP-DM0N8CV) [Debug] 1 [PackageName] WindowsEditor [ProjectName] Editor" joined alternative multi-casting on [225.0.0.222:34997]...

Assets/Prefabs/Assets/Gaming Desk/desk.c4d: Unity no longer supports importing Cinema 4D files directly, but we're working with Maxon to make the experience better. To import Cinema 4D files, install Maxon's external importer. You can find more information on the Unity Forum: https://on.unity.com/c4d.

Please note that FBX files exported from Cinema4D are still supported.
Refreshing native plugins compatible for Editor in 70.40 ms, found 3 plugins.
Preloading 0 native plugins for Editor in 0.00 ms.
Initialize engine version: 2021.3.16f1 (4016570cf34f)
[Subsystems] Discovering subsystems at path D:/Unity/Unity Editor/2021.3.16f1/Editor/Data/Resources/UnitySubsystems
[Subsystems] Discovering subsystems at path C:/Users/Spiri/Desktop/cliker/clicker/Assets
GfxDevice: creating device client; threaded=0; jobified=0
Direct3D:
    Version:  Direct3D 11.0 [level 11.1]
    Renderer: NVIDIA GeForce RTX 3080 Ti (ID=0x2208)
    Vendor:   NVIDIA
    VRAM:     12100 MB
    Driver:   31.0.15.3598
Initialize mono
Mono path[0] = 'D:/Unity/Unity Editor/2021.3.16f1/Editor/Data/Managed'
Mono path[1] = 'D:/Unity/Unity Editor/2021.3.16f1/Editor/Data/MonoBleedingEdge/lib/mono/unityjit-win32'
Mono config path = 'D:/Unity/Unity Editor/2021.3.16f1/Editor/Data/MonoBleedingEdge/etc'
Using monoOptions --debugger-agent=transport=dt_socket,embedding=1,server=y,suspend=n,address=127.0.0.1:56996
Begin MonoManager ReloadAssembly
Registering precompiled unity dll's ...
Register platform support module: D:/Unity/Unity Editor/2021.3.16f1/Editor/Data/PlaybackEngines/WebGLSupport/UnityEditor.WebGL.Extensions.dll
Register platform support module: D:/Unity/Unity Editor/2021.3.16f1/Editor/Data/PlaybackEngines/WindowsStandaloneSupport/UnityEditor.WindowsStandalone.Extensions.dll
Registered in 0.001991 seconds.
Native extension for WindowsStandalone target not found
Native extension for WebGL target not found
Assets/Prefabs/Assets/Gaming Desk/desk.c4d: Unity no longer supports importing Cinema 4D files directly, but we're working with Maxon to make the experience better. To import Cinema 4D files, install Maxon's external importer. You can find more information on the Unity Forum: https://on.unity.com/c4d.

Please note that FBX files exported from Cinema4D are still supported.
Refreshing native plugins compatible for Editor in 69.27 ms, found 3 plugins.
Preloading 0 native plugins for Editor in 0.00 ms.
Mono: successfully reloaded assembly
- Completed reload, in  0.505 seconds
Domain Reload Profiling:
	ReloadAssembly (506ms)
		BeginReloadAssembly (65ms)
			ExecutionOrderSort (0ms)
			DisableScriptedObjects (0ms)
			BackupInstance (0ms)
			ReleaseScriptingObjects (0ms)
			CreateAndSetChildDomain (1ms)
		EndReloadAssembly (361ms)
			LoadAssemblies (65ms)
			RebuildTransferFunctionScriptingTraits (0ms)
			SetupTypeCache (88ms)
			ReleaseScriptCaches (0ms)
			RebuildScriptCaches (23ms)
			SetupLoadedEditorAssemblies (213ms)
				LogAssemblyErrors (0ms)
				InitializePlatformSupportModulesInManaged (6ms)
				SetLoadedEditorAssemblies (0ms)
				RefreshPlugins (69ms)
				BeforeProcessingInitializeOnLoad (1ms)
				ProcessInitializeOnLoadAttributes (100ms)
				ProcessInitializeOnLoadMethodAttributes (37ms)
				AfterProcessingInitializeOnLoad (0ms)
				EditorAssembliesLoaded (0ms)
			ExecutionOrderSort2 (0ms)
			AwakeInstancesAfterBackupRestoration (0ms)
Platform modules already initialized, skipping
Registering precompiled user dll's ...
Registered in 0.006713 seconds.
Begin MonoManager ReloadAssembly
Symbol file LoadedFromMemory doesn't match image C:\Users\Spiri\Desktop\cliker\clicker\Library\PackageCache\com.unity.visualscripting@1.7.8\Editor\VisualScripting.Core\Dependencies\YamlDotNet\Unity.VisualScripting.YamlDotNet.dll
Symbol file LoadedFromMemory doesn't match image C:\Users\Spiri\Desktop\cliker\clicker\Library\PackageCache\com.unity.visualscripting@1.7.8\Editor\VisualScripting.Core\Dependencies\DotNetZip\Unity.VisualScripting.IonicZip.dll
Native extension for WindowsStandalone target not found
Native extension for WebGL target not found
Refreshing native plugins compatible for Editor in 0.55 ms, found 3 plugins.
Preloading 0 native plugins for Editor in 0.00 ms.
Mono: successfully reloaded assembly
- Completed reload, in  1.015 seconds
Domain Reload Profiling:
	ReloadAssembly (1016ms)
		BeginReloadAssembly (97ms)
			ExecutionOrderSort (0ms)
			DisableScriptedObjects (5ms)
			BackupInstance (0ms)
			ReleaseScriptingObjects (0ms)
			CreateAndSetChildDomain (14ms)
		EndReloadAssembly (817ms)
			LoadAssemblies (77ms)
			RebuildTransferFunctionScriptingTraits (0ms)
			SetupTypeCache (344ms)
			ReleaseScriptCaches (1ms)
			RebuildScriptCaches (53ms)
			SetupLoadedEditorAssemblies (312ms)
				LogAssemblyErrors (0ms)
				InitializePlatformSupportModulesInManaged (4ms)
				SetLoadedEditorAssemblies (0ms)
				RefreshPlugins (1ms)
				BeforeProcessingInitializeOnLoad (77ms)
				ProcessInitializeOnLoadAttributes (203ms)
				ProcessInitializeOnLoadMethodAttributes (25ms)
				AfterProcessingInitializeOnLoad (2ms)
				EditorAssembliesLoaded (0ms)
			ExecutionOrderSort2 (0ms)
			AwakeInstancesAfterBackupRestoration (5ms)
Platform modules already initialized, skipping
Assets/Prefabs/Assets/Gaming Desk/desk.c4d: Unity no longer supports importing Cinema 4D files directly, but we're working with Maxon to make the experience better. To import Cinema 4D files, install Maxon's external importer. You can find more information on the Unity Forum: https://on.unity.com/c4d.

Please note that FBX files exported from Cinema4D are still supported.
========================================================================
Worker process is ready to serve import requests
Assets/Prefabs/Assets/Gaming Desk/desk.c4d: Unity no longer supports importing Cinema 4D files directly, but we're working with Maxon to make the experience better. To import Cinema 4D files, install Maxon's external importer. You can find more information on the Unity Forum: https://on.unity.com/c4d.

Please note that FBX files exported from Cinema4D are still supported.
Launched and connected shader compiler UnityShaderCompiler.exe after 0.05 seconds
Refreshing native plugins compatible for Editor in 0.71 ms, found 3 plugins.
Preloading 0 native plugins for Editor in 0.00 ms.
Unloading 3852 Unused Serialized files (Serialized files now loaded: 0)
Unloading 30 unused Assets / (56.2 KB). Loaded Objects now: 4309.
Memory consumption went from 146.9 MB to 146.9 MB.
Total: 3.465400 ms (FindLiveObjects: 0.265100 ms CreateObjectMapping: 0.232600 ms MarkObjects: 2.838300 ms  DeleteObjects: 0.128600 ms)

AssetImportParameters requested are different than current active one (requested -> active):
  custom:video-decoder-ogg-theora: a1e56fd34408186e4bbccfd4996cb3dc -> 
  custom:container-muxer-webm: aa71ff27fc2769a1b78a27578f13a17b -> 
  custom:container-demuxer-webm: 4f35f7cbe854078d1ac9338744f61a02 -> 
  custom:video-encoder-webm-vp8: eb34c28f22e8b96e1ab97ce403110664 -> 
  custom:audio-encoder-webm-vorbis: bf7c407c2cedff20999df2af8eb42d56 -> 
  custom:framework-win-MediaFoundation: 216162199b28c13a410421893ffa2e32 -> 
  custom:container-demuxer-ogg: 62fdf1f143b41e24485cea50d1cbac27 -> 
  custom:video-decoder-webm-vp8: 9c59270c3fd7afecdb556c50c9e8de78 -> 
  custom:audio-decoder-ogg-vorbis: bf7c407c2cedff20999df2af8eb42d56 -> 
========================================================================
Received Import Request.
  Time since last request: 20901.190972 seconds.
  path: Assets/Prefabs/UI/UI/Basic training.png
  artifactKey: Guid(daf0e85ac24b2e944b1bf58616fe2b69) Importer(815301076,1909f56bfc062723c751e8b465ee728b)
Start importing Assets/Prefabs/UI/UI/Basic training.png using Guid(daf0e85ac24b2e944b1bf58616fe2b69) Importer(815301076,1909f56bfc062723c751e8b465ee728b)  -> (artifact id: '889d88b73f4078e38e0df8594cd9d35f') in 0.064169 seconds 
========================================================================
Received Import Request.
  Time since last request: 63.365126 seconds.
  path: Assets/Prefabs/UI/UI/Basic training 1.png
  artifactKey: Guid(3185ecf6e36de414aae4c73d4aa9e1f2) Importer(815301076,1909f56bfc062723c751e8b465ee728b)
Start importing Assets/Prefabs/UI/UI/Basic training 1.png using Guid(3185ecf6e36de414aae4c73d4aa9e1f2) Importer(815301076,1909f56bfc062723c751e8b465ee728b)  -> (artifact id: 'af9e2db52ddcfe9fcf84c4c4624b0fc7') in 0.008719 seconds 
========================================================================
Received Import Request.
  Time since last request: 0.011035 seconds.
  path: Assets/Prefabs/UI/UI/image 11.png
  artifactKey: Guid(bd6ddbb9ecad25944b6cac56b4b4d87d) Importer(815301076,1909f56bfc062723c751e8b465ee728b)
Start importing Assets/Prefabs/UI/UI/image 11.png using Guid(bd6ddbb9ecad25944b6cac56b4b4d87d) Importer(815301076,1909f56bfc062723c751e8b465ee728b)  -> (artifact id: '04e08417e5e56501a91abad8f903f612') in 0.012579 seconds 
========================================================================
Received Import Request.
  Time since last request: 0.000017 seconds.
  path: Assets/Prefabs/UI/UI/Иконка премиум валюты 1.png
  artifactKey: Guid(c6c7fe34104731d42a9a8357fe29531d) Importer(815301076,1909f56bfc062723c751e8b465ee728b)
Start importing Assets/Prefabs/UI/UI/Иконка премиум валюты 1.png using Guid(c6c7fe34104731d42a9a8357fe29531d) Importer(815301076,1909f56bfc062723c751e8b465ee728b)  -> (artifact id: '706c4ba0fb915bfa1c2ac787b21a0ff4') in 0.012744 seconds 
========================================================================
Received Import Request.
  Time since last request: 0.000021 seconds.
  path: Assets/Prefabs/UI/UI/GameName.png
  artifactKey: Guid(d7296df5cec218f45b6f0f87020341cf) Importer(815301076,1909f56bfc062723c751e8b465ee728b)
Start importing Assets/Prefabs/UI/UI/GameName.png using Guid(d7296df5cec218f45b6f0f87020341cf) Importer(815301076,1909f56bfc062723c751e8b465ee728b)  -> (artifact id: '40fa09148140d8d2268222cefd5b9d41') in 0.009530 seconds 
========================================================================
Received Import Request.
  Time since last request: 0.000017 seconds.
  path: Assets/Prefabs/UI/UI/Lock Upgrade (1).png
  artifactKey: Guid(c8c7ffa27b9e9ba4eac9b04ba1e6605e) Importer(815301076,1909f56bfc062723c751e8b465ee728b)
Start importing Assets/Prefabs/UI/UI/Lock Upgrade (1).png using Guid(c8c7ffa27b9e9ba4eac9b04ba1e6605e) Importer(815301076,1909f56bfc062723c751e8b465ee728b)  -> (artifact id: '1a636e617b84ab89674f2a7a772a1200') in 0.009990 seconds 
========================================================================
Received Import Request.
  Time since last request: 0.000019 seconds.
  path: Assets/Prefabs/UI/UI/Slider.png
  artifactKey: Guid(a19ad38956b46494986a1dfdf3a0f060) Importer(815301076,1909f56bfc062723c751e8b465ee728b)
Start importing Assets/Prefabs/UI/UI/Slider.png using Guid(a19ad38956b46494986a1dfdf3a0f060) Importer(815301076,1909f56bfc062723c751e8b465ee728b)  -> (artifact id: '54fc453681dcf1ad78708ac3bb9b9bae') in 0.009360 seconds 
========================================================================
Received Import Request.
  Time since last request: 0.000020 seconds.
  path: Assets/Prefabs/UI/UI/Иконка магазина 1.png
  artifactKey: Guid(05aff519bda326044b1acb7772c3a760) Importer(815301076,1909f56bfc062723c751e8b465ee728b)
Start importing Assets/Prefabs/UI/UI/Иконка магазина 1.png using Guid(05aff519bda326044b1acb7772c3a760) Importer(815301076,1909f56bfc062723c751e8b465ee728b)  -> (artifact id: '3d172fa121f90c7ead66be95d98c9100') in 0.008359 seconds 
========================================================================
Received Import Request.
  Time since last request: 0.000025 seconds.
  path: Assets/Prefabs/UI/UI/Lock (1).png
  artifactKey: Guid(5f9ca872da781fd42a47388675e727b4) Importer(815301076,1909f56bfc062723c751e8b465ee728b)
Start importing Assets/Prefabs/UI/UI/Lock (1).png using Guid(5f9ca872da781fd42a47388675e727b4) Importer(815301076,1909f56bfc062723c751e8b465ee728b)  -> (artifact id: '43e08acb80f1a66031855d6e0890ca73') in 0.008972 seconds 
========================================================================
Received Import Request.
  Time since last request: 0.000016 seconds.
  path: Assets/Prefabs/UI/UI/Иконка репутации 1.png
  artifactKey: Guid(8583e20401182984ba3d5de8bd5fad4f) Importer(815301076,1909f56bfc062723c751e8b465ee728b)
Start importing Assets/Prefabs/UI/UI/Иконка репутации 1.png using Guid(8583e20401182984ba3d5de8bd5fad4f) Importer(815301076,1909f56bfc062723c751e8b465ee728b)  -> (artifact id: '01c47be28a93d7dd5050f515653cd5eb') in 0.010979 seconds 
========================================================================
Received Import Request.
  Time since last request: 0.000025 seconds.
  path: Assets/Prefabs/UI/UI/Group 2.png
  artifactKey: Guid(7d7b2b414d30f964bba511a4ffd07652) Importer(815301076,1909f56bfc062723c751e8b465ee728b)
Start importing Assets/Prefabs/UI/UI/Group 2.png using Guid(7d7b2b414d30f964bba511a4ffd07652) Importer(815301076,1909f56bfc062723c751e8b465ee728b)  -> (artifact id: '3a8c6efe84f9a0badedabaee17d94c90') in 0.010147 seconds 
========================================================================
Received Import Request.
  Time since last request: 0.000024 seconds.
  path: Assets/Prefabs/UI/UI/Репутация на алмазы.png
  artifactKey: Guid(8b6ec8518e070d149afc49eebc0c801f) Importer(815301076,1909f56bfc062723c751e8b465ee728b)
Start importing Assets/Prefabs/UI/UI/Репутация на алмазы.png using Guid(8b6ec8518e070d149afc49eebc0c801f) Importer(815301076,1909f56bfc062723c751e8b465ee728b)  -> (artifact id: 'c0e83af1d06b0da36be28f82ff755d69') in 0.011700 seconds 
========================================================================
Received Import Request.
  Time since last request: 0.000029 seconds.
  path: Assets/Prefabs/UI/UI/Training background.png
  artifactKey: Guid(a94c2dbb72326324899da32b7bd49480) Importer(815301076,1909f56bfc062723c751e8b465ee728b)
Start importing Assets/Prefabs/UI/UI/Training background.png using Guid(a94c2dbb72326324899da32b7bd49480) Importer(815301076,1909f56bfc062723c751e8b465ee728b)  -> (artifact id: 'bd5dade09947e68e6fc32c94de9c7e33') in 0.019394 seconds 
========================================================================
Received Import Request.
  Time since last request: 0.000021 seconds.
  path: Assets/Prefabs/UI/UI/Иконка тренировок 1.png
  artifactKey: Guid(0f0bdc2f938ae704b97383d405c67d6d) Importer(815301076,1909f56bfc062723c751e8b465ee728b)
Start importing Assets/Prefabs/UI/UI/Иконка тренировок 1.png using Guid(0f0bdc2f938ae704b97383d405c67d6d) Importer(815301076,1909f56bfc062723c751e8b465ee728b)  -> (artifact id: 'dd1d5191cabf6570c3e3ce68578c74ad') in 0.009749 seconds 
========================================================================
Received Import Request.
  Time since last request: 0.000023 seconds.
  path: Assets/Prefabs/UI/UI/High End PC.png
  artifactKey: Guid(ba17e4d56439ba043ba2f7d2b0504a1c) Importer(815301076,1909f56bfc062723c751e8b465ee728b)
Start importing Assets/Prefabs/UI/UI/High End PC.png using Guid(ba17e4d56439ba043ba2f7d2b0504a1c) Importer(815301076,1909f56bfc062723c751e8b465ee728b)  -> (artifact id: '61a65198ba0ea6a20996053be34fa891') in 0.010613 seconds 
========================================================================
Received Import Request.
  Time since last request: 0.000027 seconds.
  path: Assets/Prefabs/UI/UI/Иконка турнира 1.png
  artifactKey: Guid(a8a257cc0e7172d4dbea13d0e4c92ef8) Importer(815301076,1909f56bfc062723c751e8b465ee728b)
Start importing Assets/Prefabs/UI/UI/Иконка турнира 1.png using Guid(a8a257cc0e7172d4dbea13d0e4c92ef8) Importer(815301076,1909f56bfc062723c751e8b465ee728b)  -> (artifact id: '188844296e33426357ea23c6a9a7781e') in 0.012973 seconds 
Editor requested this worker to shutdown with reason: Scaling down because of idle timeout
AssetImportWorker is now disconnected from the server
Process exiting
Exiting without the bug reporter. Application will terminate with return code 0