Using pre-set license
Built from '2021.3/staging' branch; Version is '2021.3.16f1 (4016570cf34f) revision 4200023'; Using compiler version '192829333'; Build Type 'Release'
OS: 'Windows 11  (10.0.22621) 64bit Professional' Language: 'ru' Physical Memory: 32616 MB
BatchMode: 1, IsHumanControllingUs: 0, StartBugReporterOnCrash: 0, Is64bit: 1, IsPro: 1

COMMAND LINE ARGUMENTS:
D:\Unity\Unity Editor\2021.3.16f1\Editor\Unity.exe
-adb2
-batchMode
-noUpm
-name
AssetImportWorker6
-projectPath
C:/Users/Spiri/Desktop/cliker/clicker
-logFile
Logs/AssetImportWorker6.log
-srvPort
57944
Successfully changed project path to: C:/Users/Spiri/Desktop/cliker/clicker
C:/Users/Spiri/Desktop/cliker/clicker
[UnityMemory] Configuration Parameters - Can be set up in boot.config
    "memorysetup-bucket-allocator-granularity=16"
    "memorysetup-bucket-allocator-bucket-count=8"
    "memorysetup-bucket-allocator-block-size=33554432"
    "memorysetup-bucket-allocator-block-count=8"
    "memorysetup-main-allocator-block-size=16777216"
    "memorysetup-thread-allocator-block-size=16777216"
    "memorysetup-gfx-main-allocator-block-size=16777216"
    "memorysetup-gfx-thread-allocator-block-size=16777216"
    "memorysetup-cache-allocator-block-size=4194304"
    "memorysetup-typetree-allocator-block-size=2097152"
    "memorysetup-profiler-bucket-allocator-granularity=16"
    "memorysetup-profiler-bucket-allocator-bucket-count=8"
    "memorysetup-profiler-bucket-allocator-block-size=33554432"
    "memorysetup-profiler-bucket-allocator-block-count=8"
    "memorysetup-profiler-allocator-block-size=16777216"
    "memorysetup-profiler-editor-allocator-block-size=1048576"
    "memorysetup-temp-allocator-size-main=16777216"
    "memorysetup-job-temp-allocator-block-size=2097152"
    "memorysetup-job-temp-allocator-block-size-background=1048576"
    "memorysetup-job-temp-allocator-reduction-small-platforms=262144"
    "memorysetup-temp-allocator-size-background-worker=32768"
    "memorysetup-temp-allocator-size-job-worker=262144"
    "memorysetup-temp-allocator-size-preload-manager=33554432"
    "memorysetup-temp-allocator-size-nav-mesh-worker=65536"
    "memorysetup-temp-allocator-size-audio-worker=65536"
    "memorysetup-temp-allocator-size-cloud-worker=32768"
    "memorysetup-temp-allocator-size-gi-baking-worker=262144"
    "memorysetup-temp-allocator-size-gfx=262144"
Player connection [4624] Host "[IP] 192.168.1.8 [Port] 0 [Flags] 2 [Guid] 618261124 [EditorId] 618261124 [Version] 1048832 [Id] WindowsEditor(7,DESKTOP-DM0N8CV) [Debug] 1 [PackageName] WindowsEditor [ProjectName] Editor" joined multi-casting on [225.0.0.222:54997]...

Player connection [4624] Host "[IP] 192.168.1.8 [Port] 0 [Flags] 2 [Guid] 618261124 [EditorId] 618261124 [Version] 1048832 [Id] WindowsEditor(7,DESKTOP-DM0N8CV) [Debug] 1 [PackageName] WindowsEditor [ProjectName] Editor" joined alternative multi-casting on [225.0.0.222:34997]...

Assets/Prefabs/Assets/Gaming Desk/desk.c4d: Unity no longer supports importing Cinema 4D files directly, but we're working with Maxon to make the experience better. To import Cinema 4D files, install Maxon's external importer. You can find more information on the Unity Forum: https://on.unity.com/c4d.

Please note that FBX files exported from Cinema4D are still supported.
Refreshing native plugins compatible for Editor in 70.96 ms, found 3 plugins.
Preloading 0 native plugins for Editor in 0.00 ms.
Initialize engine version: 2021.3.16f1 (4016570cf34f)
[Subsystems] Discovering subsystems at path D:/Unity/Unity Editor/2021.3.16f1/Editor/Data/Resources/UnitySubsystems
[Subsystems] Discovering subsystems at path C:/Users/Spiri/Desktop/cliker/clicker/Assets
GfxDevice: creating device client; threaded=0; jobified=0
Direct3D:
    Version:  Direct3D 11.0 [level 11.1]
    Renderer: NVIDIA GeForce RTX 3080 Ti (ID=0x2208)
    Vendor:   NVIDIA
    VRAM:     12100 MB
    Driver:   31.0.15.3598
Initialize mono
Mono path[0] = 'D:/Unity/Unity Editor/2021.3.16f1/Editor/Data/Managed'
Mono path[1] = 'D:/Unity/Unity Editor/2021.3.16f1/Editor/Data/MonoBleedingEdge/lib/mono/unityjit-win32'
Mono config path = 'D:/Unity/Unity Editor/2021.3.16f1/Editor/Data/MonoBleedingEdge/etc'
Using monoOptions --debugger-agent=transport=dt_socket,embedding=1,server=y,suspend=n,address=127.0.0.1:56884
Begin MonoManager ReloadAssembly
Registering precompiled unity dll's ...
Register platform support module: D:/Unity/Unity Editor/2021.3.16f1/Editor/Data/PlaybackEngines/WebGLSupport/UnityEditor.WebGL.Extensions.dll
Register platform support module: D:/Unity/Unity Editor/2021.3.16f1/Editor/Data/PlaybackEngines/WindowsStandaloneSupport/UnityEditor.WindowsStandalone.Extensions.dll
Registered in 0.002059 seconds.
Native extension for WindowsStandalone target not found
Native extension for WebGL target not found
Assets/Prefabs/Assets/Gaming Desk/desk.c4d: Unity no longer supports importing Cinema 4D files directly, but we're working with Maxon to make the experience better. To import Cinema 4D files, install Maxon's external importer. You can find more information on the Unity Forum: https://on.unity.com/c4d.

Please note that FBX files exported from Cinema4D are still supported.
Refreshing native plugins compatible for Editor in 68.20 ms, found 3 plugins.
Preloading 0 native plugins for Editor in 0.00 ms.
Mono: successfully reloaded assembly
- Completed reload, in  0.513 seconds
Domain Reload Profiling:
	ReloadAssembly (513ms)
		BeginReloadAssembly (65ms)
			ExecutionOrderSort (0ms)
			DisableScriptedObjects (0ms)
			BackupInstance (0ms)
			ReleaseScriptingObjects (0ms)
			CreateAndSetChildDomain (1ms)
		EndReloadAssembly (365ms)
			LoadAssemblies (65ms)
			RebuildTransferFunctionScriptingTraits (0ms)
			SetupTypeCache (88ms)
			ReleaseScriptCaches (0ms)
			RebuildScriptCaches (25ms)
			SetupLoadedEditorAssemblies (210ms)
				LogAssemblyErrors (0ms)
				InitializePlatformSupportModulesInManaged (6ms)
				SetLoadedEditorAssemblies (0ms)
				RefreshPlugins (68ms)
				BeforeProcessingInitializeOnLoad (1ms)
				ProcessInitializeOnLoadAttributes (99ms)
				ProcessInitializeOnLoadMethodAttributes (36ms)
				AfterProcessingInitializeOnLoad (0ms)
				EditorAssembliesLoaded (0ms)
			ExecutionOrderSort2 (0ms)
			AwakeInstancesAfterBackupRestoration (0ms)
Platform modules already initialized, skipping
Registering precompiled user dll's ...
Registered in 0.006560 seconds.
Begin MonoManager ReloadAssembly
Symbol file LoadedFromMemory doesn't match image C:\Users\Spiri\Desktop\cliker\clicker\Library\PackageCache\com.unity.visualscripting@1.7.8\Editor\VisualScripting.Core\Dependencies\YamlDotNet\Unity.VisualScripting.YamlDotNet.dll
Symbol file LoadedFromMemory doesn't match image C:\Users\Spiri\Desktop\cliker\clicker\Library\PackageCache\com.unity.visualscripting@1.7.8\Editor\VisualScripting.Core\Dependencies\DotNetZip\Unity.VisualScripting.IonicZip.dll
Native extension for WindowsStandalone target not found
Native extension for WebGL target not found
Refreshing native plugins compatible for Editor in 0.49 ms, found 3 plugins.
Preloading 0 native plugins for Editor in 0.00 ms.
Mono: successfully reloaded assembly
- Completed reload, in  0.898 seconds
Domain Reload Profiling:
	ReloadAssembly (899ms)
		BeginReloadAssembly (102ms)
			ExecutionOrderSort (0ms)
			DisableScriptedObjects (5ms)
			BackupInstance (0ms)
			ReleaseScriptingObjects (0ms)
			CreateAndSetChildDomain (14ms)
		EndReloadAssembly (705ms)
			LoadAssemblies (92ms)
			RebuildTransferFunctionScriptingTraits (0ms)
			SetupTypeCache (246ms)
			ReleaseScriptCaches (1ms)
			RebuildScriptCaches (42ms)
			SetupLoadedEditorAssemblies (312ms)
				LogAssemblyErrors (0ms)
				InitializePlatformSupportModulesInManaged (4ms)
				SetLoadedEditorAssemblies (0ms)
				RefreshPlugins (1ms)
				BeforeProcessingInitializeOnLoad (78ms)
				ProcessInitializeOnLoadAttributes (203ms)
				ProcessInitializeOnLoadMethodAttributes (24ms)
				AfterProcessingInitializeOnLoad (2ms)
				EditorAssembliesLoaded (0ms)
			ExecutionOrderSort2 (0ms)
			AwakeInstancesAfterBackupRestoration (5ms)
Platform modules already initialized, skipping
Assets/Prefabs/Assets/Gaming Desk/desk.c4d: Unity no longer supports importing Cinema 4D files directly, but we're working with Maxon to make the experience better. To import Cinema 4D files, install Maxon's external importer. You can find more information on the Unity Forum: https://on.unity.com/c4d.

Please note that FBX files exported from Cinema4D are still supported.
========================================================================
Worker process is ready to serve import requests
Assets/Prefabs/Assets/Gaming Desk/desk.c4d: Unity no longer supports importing Cinema 4D files directly, but we're working with Maxon to make the experience better. To import Cinema 4D files, install Maxon's external importer. You can find more information on the Unity Forum: https://on.unity.com/c4d.

Please note that FBX files exported from Cinema4D are still supported.
Launched and connected shader compiler UnityShaderCompiler.exe after 0.05 seconds
Refreshing native plugins compatible for Editor in 0.53 ms, found 3 plugins.
Preloading 0 native plugins for Editor in 0.00 ms.
Unloading 3852 Unused Serialized files (Serialized files now loaded: 0)
Unloading 30 unused Assets / (56.1 KB). Loaded Objects now: 4309.
Memory consumption went from 146.9 MB to 146.9 MB.
Total: 2.635900 ms (FindLiveObjects: 0.245100 ms CreateObjectMapping: 0.199100 ms MarkObjects: 2.143100 ms  DeleteObjects: 0.048100 ms)

AssetImportParameters requested are different than current active one (requested -> active):
  custom:video-decoder-ogg-theora: a1e56fd34408186e4bbccfd4996cb3dc -> 
  custom:container-muxer-webm: aa71ff27fc2769a1b78a27578f13a17b -> 
  custom:container-demuxer-webm: 4f35f7cbe854078d1ac9338744f61a02 -> 
  custom:video-encoder-webm-vp8: eb34c28f22e8b96e1ab97ce403110664 -> 
  custom:audio-encoder-webm-vorbis: bf7c407c2cedff20999df2af8eb42d56 -> 
  custom:framework-win-MediaFoundation: 216162199b28c13a410421893ffa2e32 -> 
  custom:container-demuxer-ogg: 62fdf1f143b41e24485cea50d1cbac27 -> 
  custom:video-decoder-webm-vp8: 9c59270c3fd7afecdb556c50c9e8de78 -> 
  custom:audio-decoder-ogg-vorbis: bf7c407c2cedff20999df2af8eb42d56 -> 
========================================================================
Received Import Request.
  Time since last request: 27319.302631 seconds.
  path: Assets/Prefabs/UI/UI/Back.png
  artifactKey: Guid(889c176b9dd8aa1488475a8396a12a98) Importer(815301076,1909f56bfc062723c751e8b465ee728b)
Start importing Assets/Prefabs/UI/UI/Back.png using Guid(889c176b9dd8aa1488475a8396a12a98) Importer(815301076,1909f56bfc062723c751e8b465ee728b)  -> (artifact id: 'b84e4c671c8323b67a5b875042325319') in 0.056255 seconds 
========================================================================
Received Import Request.
  Time since last request: 5.956762 seconds.
  path: Assets/Prefabs/UI/UI/Background.png
  artifactKey: Guid(d1a80f4f952fae64a8ed3257824a2c30) Importer(815301076,1909f56bfc062723c751e8b465ee728b)
Start importing Assets/Prefabs/UI/UI/Background.png using Guid(d1a80f4f952fae64a8ed3257824a2c30) Importer(815301076,1909f56bfc062723c751e8b465ee728b)  -> (artifact id: 'c40d43749c87f93941cc08ffa16568b8') in 0.012831 seconds 
========================================================================
Received Import Request.
  Time since last request: 6.964894 seconds.
  path: Assets/Prefabs/UI/UI/Basic training.png
  artifactKey: Guid(daf0e85ac24b2e944b1bf58616fe2b69) Importer(815301076,1909f56bfc062723c751e8b465ee728b)
Start importing Assets/Prefabs/UI/UI/Basic training.png using Guid(daf0e85ac24b2e944b1bf58616fe2b69) Importer(815301076,1909f56bfc062723c751e8b465ee728b)  -> (artifact id: '80f86a2d4e6a6a1b3b715f89ee088ba2') in 0.007933 seconds 
========================================================================
Received Import Request.
  Time since last request: 4.216719 seconds.
  path: Assets/Prefabs/UI/UI/High End PC.png
  artifactKey: Guid(ba17e4d56439ba043ba2f7d2b0504a1c) Importer(815301076,1909f56bfc062723c751e8b465ee728b)
Start importing Assets/Prefabs/UI/UI/High End PC.png using Guid(ba17e4d56439ba043ba2f7d2b0504a1c) Importer(815301076,1909f56bfc062723c751e8b465ee728b)  -> (artifact id: '1fce733e75472abe102aac3ff38d04de') in 0.009915 seconds 
========================================================================
Received Import Request.
  Time since last request: 3.941444 seconds.
  path: Assets/Prefabs/UI/UI/Laptop.png
  artifactKey: Guid(c7efd78c62477c54c8d4128400ed74dc) Importer(815301076,1909f56bfc062723c751e8b465ee728b)
Start importing Assets/Prefabs/UI/UI/Laptop.png using Guid(c7efd78c62477c54c8d4128400ed74dc) Importer(815301076,1909f56bfc062723c751e8b465ee728b)  -> (artifact id: '676076e854dda1e48ab02f903fe847b6') in 0.007428 seconds 
========================================================================
Received Import Request.
  Time since last request: 3.871850 seconds.
  path: Assets/Prefabs/UI/UI/Lock Upgrade 275.png
  artifactKey: Guid(68144aca9dea09144b97940ddaeeeb6d) Importer(815301076,1909f56bfc062723c751e8b465ee728b)
Start importing Assets/Prefabs/UI/UI/Lock Upgrade 275.png using Guid(68144aca9dea09144b97940ddaeeeb6d) Importer(815301076,1909f56bfc062723c751e8b465ee728b)  -> (artifact id: 'b176619301b816055f276c2af455f4a6') in 0.007548 seconds 
========================================================================
Received Import Request.
  Time since last request: 3.623051 seconds.
  path: Assets/Prefabs/UI/UI/Lock Upgrade 2875.png
  artifactKey: Guid(47e2c98f5670fe54c9a4db4a5bbcd0ef) Importer(815301076,1909f56bfc062723c751e8b465ee728b)
Start importing Assets/Prefabs/UI/UI/Lock Upgrade 2875.png using Guid(47e2c98f5670fe54c9a4db4a5bbcd0ef) Importer(815301076,1909f56bfc062723c751e8b465ee728b)  -> (artifact id: '6ea960772b7de70282fe5326a7ad7bf4') in 0.007219 seconds 
========================================================================
Received Import Request.
  Time since last request: 4.115428 seconds.
  path: Assets/Prefabs/UI/UI/Old PC.png
  artifactKey: Guid(47ba4124f85f44443a45a17fc8fa0aab) Importer(815301076,1909f56bfc062723c751e8b465ee728b)
Start importing Assets/Prefabs/UI/UI/Old PC.png using Guid(47ba4124f85f44443a45a17fc8fa0aab) Importer(815301076,1909f56bfc062723c751e8b465ee728b)  -> (artifact id: 'b18becb52e732de887e755a9f252dab1') in 0.008601 seconds 
========================================================================
Received Import Request.
  Time since last request: 24.600528 seconds.
  path: Assets/Prefabs/UI/UI/textforupgrades.png
  artifactKey: Guid(38e80725f84c28c4daad618083ef2377) Importer(815301076,1909f56bfc062723c751e8b465ee728b)
Start importing Assets/Prefabs/UI/UI/textforupgrades.png using Guid(38e80725f84c28c4daad618083ef2377) Importer(815301076,1909f56bfc062723c751e8b465ee728b)  -> (artifact id: '4111fe4e2c6c2b266f984e1e817d2566') in 0.008139 seconds 
========================================================================
Received Import Request.
  Time since last request: 3.350762 seconds.
  path: Assets/Prefabs/UI/UI/Training.png
  artifactKey: Guid(64e8fc1389bccd34b9c0e05a554acbb8) Importer(815301076,1909f56bfc062723c751e8b465ee728b)
Start importing Assets/Prefabs/UI/UI/Training.png using Guid(64e8fc1389bccd34b9c0e05a554acbb8) Importer(815301076,1909f56bfc062723c751e8b465ee728b)  -> (artifact id: '8df071a5f5caa25c7fee78e93a5e7499') in 0.007269 seconds 
========================================================================
Received Import Request.
  Time since last request: 3.144553 seconds.
  path: Assets/Prefabs/UI/UI/Upgrades.png
  artifactKey: Guid(16a174849585b32448d846c8f95b8ac2) Importer(815301076,1909f56bfc062723c751e8b465ee728b)
Start importing Assets/Prefabs/UI/UI/Upgrades.png using Guid(16a174849585b32448d846c8f95b8ac2) Importer(815301076,1909f56bfc062723c751e8b465ee728b)  -> (artifact id: 'f45ff888614dd6808832aef380851ae5') in 0.008002 seconds 
